<?xml version="1.0" encoding="UTF-8"?>
<!-- Generated by org.testng.reporters.JUnitReportReporter -->
<testsuite hostname="Alle-5Q1SMQ2" failures="0" tests="1" name="testcases.ProductsPageTest" time="7.664" errors="0" timestamp="2024-02-15T18:30:33 IST" skipped="0">
  <testcase classname="testcases.ProductsPageTest" name="testProductsPagetoProductPageNav" time="7.664"/>
</testsuite> <!-- testcases.ProductsPageTest -->
